0 info it worked if it ends with ok
1 verbose cli [ 'C:\\Program Files\\nodejs\\node.exe',
1 verbose cli   'C:\\Program Files\\nodejs\\node_modules\\npm\\bin\\npm-cli.js',
1 verbose cli   'install',
1 verbose cli   'chartjs-node' ]
2 info using npm@3.10.10
3 info using node@v6.9.5
4 silly loadCurrentTree Starting
5 silly install loadCurrentTree
6 silly install readLocalPackageData
7 silly fetchPackageMetaData chartjs-node
8 silly fetchNamedPackageData chartjs-node
9 silly mapToRegistry name chartjs-node
10 silly mapToRegistry using default registry
11 silly mapToRegistry registry https://registry.npmjs.org/
12 silly mapToRegistry data Result {
12 silly mapToRegistry   raw: 'chartjs-node',
12 silly mapToRegistry   scope: null,
12 silly mapToRegistry   escapedName: 'chartjs-node',
12 silly mapToRegistry   name: 'chartjs-node',
12 silly mapToRegistry   rawSpec: '',
12 silly mapToRegistry   spec: 'latest',
12 silly mapToRegistry   type: 'tag' }
13 silly mapToRegistry uri https://registry.npmjs.org/chartjs-node
14 verbose request uri https://registry.npmjs.org/chartjs-node
15 verbose request no auth needed
16 info attempt registry request try #1 at 12:22:05 PM
17 verbose request id b36a9a353795c148
18 verbose etag W/"2de2d459a6b71b87c7842757ece74d16"
19 verbose lastModified Sat, 26 May 2018 19:42:37 GMT
20 http request GET https://registry.npmjs.org/chartjs-node
21 http 304 https://registry.npmjs.org/chartjs-node
22 verbose headers { date: 'Tue, 10 Jul 2018 05:22:04 GMT',
22 verbose headers   connection: 'keep-alive',
22 verbose headers   'set-cookie': [ '__cfduid=db1df043a670d6b0a560c1301b1486cf21531200124; expires=Wed, 10-Jul-19 05:22:04 GMT; path=/; domain=.registry.npmjs.org; HttpOnly' ],
22 verbose headers   'cache-control': 'max-age=300',
22 verbose headers   'cf-cache-status': 'HIT',
22 verbose headers   'cf-ray': '438097288f7230e4-SIN',
22 verbose headers   etag: '"2de2d459a6b71b87c7842757ece74d16"',
22 verbose headers   'expect-ct': 'max-age=604800, report-uri="https://report-uri.cloudflare.com/cdn-cgi/beacon/expect-ct"',
22 verbose headers   'last-modified': 'Sat, 26 May 2018 19:42:37 GMT',
22 verbose headers   vary: 'accept-encoding, accept',
22 verbose headers   server: 'cloudflare' }
23 silly get cb [ 304,
23 silly get   { date: 'Tue, 10 Jul 2018 05:22:04 GMT',
23 silly get     connection: 'keep-alive',
23 silly get     'set-cookie': [ '__cfduid=db1df043a670d6b0a560c1301b1486cf21531200124; expires=Wed, 10-Jul-19 05:22:04 GMT; path=/; domain=.registry.npmjs.org; HttpOnly' ],
23 silly get     'cache-control': 'max-age=300',
23 silly get     'cf-cache-status': 'HIT',
23 silly get     'cf-ray': '438097288f7230e4-SIN',
23 silly get     etag: '"2de2d459a6b71b87c7842757ece74d16"',
23 silly get     'expect-ct': 'max-age=604800, report-uri="https://report-uri.cloudflare.com/cdn-cgi/beacon/expect-ct"',
23 silly get     'last-modified': 'Sat, 26 May 2018 19:42:37 GMT',
23 silly get     vary: 'accept-encoding, accept',
23 silly get     server: 'cloudflare' } ]
24 verbose etag https://registry.npmjs.org/chartjs-node from cache
25 verbose get saving chartjs-node to C:\Users\Oeganz\AppData\Roaming\npm-cache\registry.npmjs.org\chartjs-node\.cache.json
26 verbose correctMkdir C:\Users\Oeganz\AppData\Roaming\npm-cache correctMkdir not in flight; initializing
27 silly install normalizeTree
28 silly loadCurrentTree Finishing
29 silly loadIdealTree Starting
30 silly install loadIdealTree
31 silly cloneCurrentTree Starting
32 silly install cloneCurrentTreeToIdealTree
33 silly cloneCurrentTree Finishing
34 silly loadShrinkwrap Starting
35 silly install loadShrinkwrap
36 silly loadShrinkwrap Finishing
37 silly loadAllDepsIntoIdealTree Starting
38 silly install loadAllDepsIntoIdealTree
39 silly resolveWithNewModule chartjs-node@1.7.1 checking installable status
40 silly cache add args [ 'chartjs-node', null ]
41 verbose cache add spec chartjs-node
42 silly cache add parsed spec Result {
42 silly cache add   raw: 'chartjs-node',
42 silly cache add   scope: null,
42 silly cache add   escapedName: 'chartjs-node',
42 silly cache add   name: 'chartjs-node',
42 silly cache add   rawSpec: '',
42 silly cache add   spec: 'latest',
42 silly cache add   type: 'tag' }
43 silly addNamed chartjs-node@latest
44 verbose addNamed "latest" is being treated as a dist-tag for chartjs-node
45 info addNameTag [ 'chartjs-node', 'latest' ]
46 silly mapToRegistry name chartjs-node
47 silly mapToRegistry using default registry
48 silly mapToRegistry registry https://registry.npmjs.org/
49 silly mapToRegistry data Result {
49 silly mapToRegistry   raw: 'chartjs-node',
49 silly mapToRegistry   scope: null,
49 silly mapToRegistry   escapedName: 'chartjs-node',
49 silly mapToRegistry   name: 'chartjs-node',
49 silly mapToRegistry   rawSpec: '',
49 silly mapToRegistry   spec: 'latest',
49 silly mapToRegistry   type: 'tag' }
50 silly mapToRegistry uri https://registry.npmjs.org/chartjs-node
51 verbose addNameTag registry:https://registry.npmjs.org/chartjs-node not in flight; fetching
52 verbose get https://registry.npmjs.org/chartjs-node not expired, no request
53 silly addNameTag next cb for chartjs-node with tag latest
54 silly addNamed chartjs-node@1.7.1
55 verbose addNamed "1.7.1" is a plain semver version for chartjs-node
56 silly cache afterAdd chartjs-node@1.7.1
57 verbose afterAdd C:\Users\Oeganz\AppData\Roaming\npm-cache\chartjs-node\1.7.1\package\package.json not in flight; writing
58 verbose correctMkdir C:\Users\Oeganz\AppData\Roaming\npm-cache correctMkdir not in flight; initializing
59 verbose afterAdd C:\Users\Oeganz\AppData\Roaming\npm-cache\chartjs-node\1.7.1\package\package.json written
60 silly fetchNamedPackageData canvas
61 silly mapToRegistry name canvas
62 silly mapToRegistry using default registry
63 silly mapToRegistry registry https://registry.npmjs.org/
64 silly mapToRegistry data Result {
64 silly mapToRegistry   raw: 'canvas',
64 silly mapToRegistry   scope: null,
64 silly mapToRegistry   escapedName: 'canvas',
64 silly mapToRegistry   name: 'canvas',
64 silly mapToRegistry   rawSpec: '',
64 silly mapToRegistry   spec: 'latest',
64 silly mapToRegistry   type: 'tag' }
65 silly mapToRegistry uri https://registry.npmjs.org/canvas
66 verbose request uri https://registry.npmjs.org/canvas
67 verbose request no auth needed
68 info attempt registry request try #1 at 12:22:05 PM
69 verbose etag W/"4145e488dd9c3a4eeb247fb2ce3bf010"
70 verbose lastModified Sat, 26 May 2018 19:23:01 GMT
71 http request GET https://registry.npmjs.org/canvas
72 http 304 https://registry.npmjs.org/canvas
73 verbose headers { date: 'Tue, 10 Jul 2018 05:22:04 GMT',
73 verbose headers   connection: 'keep-alive',
73 verbose headers   'set-cookie': [ '__cfduid=db1df043a670d6b0a560c1301b1486cf21531200124; expires=Wed, 10-Jul-19 05:22:04 GMT; path=/; domain=.registry.npmjs.org; HttpOnly' ],
73 verbose headers   'cache-control': 'max-age=300',
73 verbose headers   'cf-cache-status': 'HIT',
73 verbose headers   'cf-ray': '4380972a18e230e4-SIN',
73 verbose headers   etag: '"4145e488dd9c3a4eeb247fb2ce3bf010"',
73 verbose headers   'expect-ct': 'max-age=604800, report-uri="https://report-uri.cloudflare.com/cdn-cgi/beacon/expect-ct"',
73 verbose headers   'last-modified': 'Sat, 26 May 2018 19:23:01 GMT',
73 verbose headers   vary: 'accept-encoding, accept',
73 verbose headers   server: 'cloudflare' }
74 silly get cb [ 304,
74 silly get   { date: 'Tue, 10 Jul 2018 05:22:04 GMT',
74 silly get     connection: 'keep-alive',
74 silly get     'set-cookie': [ '__cfduid=db1df043a670d6b0a560c1301b1486cf21531200124; expires=Wed, 10-Jul-19 05:22:04 GMT; path=/; domain=.registry.npmjs.org; HttpOnly' ],
74 silly get     'cache-control': 'max-age=300',
74 silly get     'cf-cache-status': 'HIT',
74 silly get     'cf-ray': '4380972a18e230e4-SIN',
74 silly get     etag: '"4145e488dd9c3a4eeb247fb2ce3bf010"',
74 silly get     'expect-ct': 'max-age=604800, report-uri="https://report-uri.cloudflare.com/cdn-cgi/beacon/expect-ct"',
74 silly get     'last-modified': 'Sat, 26 May 2018 19:23:01 GMT',
74 silly get     vary: 'accept-encoding, accept',
74 silly get     server: 'cloudflare' } ]
75 verbose etag https://registry.npmjs.org/canvas from cache
76 verbose get saving canvas to C:\Users\Oeganz\AppData\Roaming\npm-cache\registry.npmjs.org\canvas\.cache.json
77 verbose correctMkdir C:\Users\Oeganz\AppData\Roaming\npm-cache correctMkdir not in flight; initializing
78 silly resolveWithNewModule canvas@1.6.11 checking installable status
79 silly cache add args [ 'canvas@1.6.*', null ]
80 verbose cache add spec canvas@1.6.*
81 silly cache add parsed spec Result {
81 silly cache add   raw: 'canvas@1.6.*',
81 silly cache add   scope: null,
81 silly cache add   escapedName: 'canvas',
81 silly cache add   name: 'canvas',
81 silly cache add   rawSpec: '1.6.*',
81 silly cache add   spec: '>=1.6.0 <1.7.0',
81 silly cache add   type: 'range' }
82 silly addNamed canvas@>=1.6.0 <1.7.0
83 verbose addNamed ">=1.6.0 <1.7.0" is a valid semver range for canvas
84 silly addNameRange { name: 'canvas', range: '>=1.6.0 <1.7.0', hasData: false }
85 silly mapToRegistry name canvas
86 silly mapToRegistry using default registry
87 silly mapToRegistry registry https://registry.npmjs.org/
88 silly mapToRegistry data Result {
88 silly mapToRegistry   raw: 'canvas',
88 silly mapToRegistry   scope: null,
88 silly mapToRegistry   escapedName: 'canvas',
88 silly mapToRegistry   name: 'canvas',
88 silly mapToRegistry   rawSpec: '',
88 silly mapToRegistry   spec: 'latest',
88 silly mapToRegistry   type: 'tag' }
89 silly mapToRegistry uri https://registry.npmjs.org/canvas
90 verbose addNameRange registry:https://registry.npmjs.org/canvas not in flight; fetching
91 verbose get https://registry.npmjs.org/canvas not expired, no request
92 silly addNameRange number 2 { name: 'canvas', range: '>=1.6.0 <1.7.0', hasData: true }
93 silly addNameRange versions [ 'canvas',
93 silly addNameRange   [ '0.0.1',
93 silly addNameRange     '0.0.2',
93 silly addNameRange     '0.0.3',
93 silly addNameRange     '0.0.4',
93 silly addNameRange     '0.0.5',
93 silly addNameRange     '0.0.6',
93 silly addNameRange     '0.0.7',
93 silly addNameRange     '0.0.8',
93 silly addNameRange     '0.1.0',
93 silly addNameRange     '0.2.0',
93 silly addNameRange     '0.2.1',
93 silly addNameRange     '0.3.0',
93 silly addNameRange     '0.3.1',
93 silly addNameRange     '0.3.2',
93 silly addNameRange     '0.3.3',
93 silly addNameRange     '0.4.0',
93 silly addNameRange     '0.4.1',
93 silly addNameRange     '0.4.2',
93 silly addNameRange     '0.4.3',
93 silly addNameRange     '0.5.0',
93 silly addNameRange     '0.5.1',
93 silly addNameRange     '0.5.2',
93 silly addNameRange     '0.5.3',
93 silly addNameRange     '0.5.4',
93 silly addNameRange     '0.6.0',
93 silly addNameRange     '0.7.0',
93 silly addNameRange     '0.7.1',
93 silly addNameRange     '0.7.2',
93 silly addNameRange     '0.7.3',
93 silly addNameRange     '0.8.0',
93 silly addNameRange     '0.8.1',
93 silly addNameRange     '0.8.2',
93 silly addNameRange     '0.8.3',
93 silly addNameRange     '0.9.0',
93 silly addNameRange     '0.10.0',
93 silly addNameRange     '0.10.1',
93 silly addNameRange     '0.10.2',
93 silly addNameRange     '0.10.3',
93 silly addNameRange     '0.11.0',
93 silly addNameRange     '0.11.1',
93 silly addNameRange     '0.11.2',
93 silly addNameRange     '0.11.3',
93 silly addNameRange     '0.12.0',
93 silly addNameRange     '0.12.1',
93 silly addNameRange     '0.13.0',
93 silly addNameRange     '0.13.1',
93 silly addNameRange     '1.0.0',
93 silly addNameRange     '1.0.1',
93 silly addNameRange     '1.0.2',
93 silly addNameRange     '1.0.3',
93 silly addNameRange     '1.0.4',
93 silly addNameRange     '1.1.0',
93 silly addNameRange     '1.1.1',
93 silly addNameRange     '1.1.2',
93 silly addNameRange     '1.1.3',
93 silly addNameRange     '1.1.4',
93 silly addNameRange     '1.1.5',
93 silly addNameRange     '1.1.6',
93 silly addNameRange     '1.2.0',
93 silly addNameRange     '1.2.1',
93 silly addNameRange     '1.2.2',
93 silly addNameRange     '1.2.3',
93 silly addNameRange     '1.2.4',
93 silly addNameRange     '1.2.5',
93 silly addNameRange     '1.2.6',
93 silly addNameRange     '1.2.7',
93 silly addNameRange     '1.2.8',
93 silly addNameRange     '1.2.9',
93 silly addNameRange     '1.2.10',
93 silly addNameRange     '1.2.11',
93 silly addNameRange     '1.3.0',
93 silly addNameRange     '1.3.1',
93 silly addNameRange     '1.3.2',
93 silly addNameRange     '1.3.3',
93 silly addNameRange     '1.3.4',
93 silly addNameRange     '1.3.5',
93 silly addNameRange     '1.3.6',
93 silly addNameRange     '1.3.7',
93 silly addNameRange     '1.3.8',
93 silly addNameRange     '1.3.9',
93 silly addNameRange     '1.3.10',
93 silly addNameRange     '1.3.11',
93 silly addNameRange     '1.3.12',
93 silly addNameRange     '1.3.13',
93 silly addNameRange     '1.3.14',
93 silly addNameRange     '1.3.15',
93 silly addNameRange     '1.3.16',
93 silly addNameRange     '1.4.0',
93 silly addNameRange     '1.5.0',
93 silly addNameRange     '1.6.0',
93 silly addNameRange     '1.6.1',
93 silly addNameRange     '1.6.2',
93 silly addNameRange     '1.6.3',
93 silly addNameRange     '1.6.4',
93 silly addNameRange     '1.6.5',
93 silly addNameRange     '2.0.0-alpha.1',
93 silly addNameRange     '2.0.0-alpha.2',
93 silly addNameRange     '1.6.6',
93 silly addNameRange     '2.0.0-alpha.3',
93 silly addNameRange     '2.0.0-alpha.4',
93 silly addNameRange     ... 13 more items ] ]
94 silly addNamed canvas@1.6.11
95 verbose addNamed "1.6.11" is a plain semver version for canvas
96 silly cache afterAdd canvas@1.6.11
97 verbose afterAdd C:\Users\Oeganz\AppData\Roaming\npm-cache\canvas\1.6.11\package\package.json not in flight; writing
98 verbose correctMkdir C:\Users\Oeganz\AppData\Roaming\npm-cache correctMkdir not in flight; initializing
99 verbose afterAdd C:\Users\Oeganz\AppData\Roaming\npm-cache\canvas\1.6.11\package\package.json written
100 silly fetchNamedPackageData nan
101 silly mapToRegistry name nan
102 silly mapToRegistry using default registry
103 silly mapToRegistry registry https://registry.npmjs.org/
104 silly mapToRegistry data Result {
104 silly mapToRegistry   raw: 'nan',
104 silly mapToRegistry   scope: null,
104 silly mapToRegistry   escapedName: 'nan',
104 silly mapToRegistry   name: 'nan',
104 silly mapToRegistry   rawSpec: '',
104 silly mapToRegistry   spec: 'latest',
104 silly mapToRegistry   type: 'tag' }
105 silly mapToRegistry uri https://registry.npmjs.org/nan
106 verbose request uri https://registry.npmjs.org/nan
107 verbose request no auth needed
108 info attempt registry request try #1 at 12:22:05 PM
109 verbose etag W/"249a7c29055ea21c4b8d244bd7b33a97"
110 verbose lastModified Sun, 27 May 2018 09:01:11 GMT
111 http request GET https://registry.npmjs.org/nan
112 http 304 https://registry.npmjs.org/nan
113 verbose headers { date: 'Tue, 10 Jul 2018 05:22:04 GMT',
113 verbose headers   connection: 'keep-alive',
113 verbose headers   'set-cookie': [ '__cfduid=db1df043a670d6b0a560c1301b1486cf21531200124; expires=Wed, 10-Jul-19 05:22:04 GMT; path=/; domain=.registry.npmjs.org; HttpOnly' ],
113 verbose headers   'cache-control': 'max-age=300',
113 verbose headers   'cf-cache-status': 'HIT',
113 verbose headers   'cf-ray': '4380972ab98530e4-SIN',
113 verbose headers   etag: '"249a7c29055ea21c4b8d244bd7b33a97"',
113 verbose headers   'expect-ct': 'max-age=604800, report-uri="https://report-uri.cloudflare.com/cdn-cgi/beacon/expect-ct"',
113 verbose headers   'last-modified': 'Sun, 27 May 2018 09:01:11 GMT',
113 verbose headers   vary: 'accept-encoding, accept',
113 verbose headers   server: 'cloudflare' }
114 silly get cb [ 304,
114 silly get   { date: 'Tue, 10 Jul 2018 05:22:04 GMT',
114 silly get     connection: 'keep-alive',
114 silly get     'set-cookie': [ '__cfduid=db1df043a670d6b0a560c1301b1486cf21531200124; expires=Wed, 10-Jul-19 05:22:04 GMT; path=/; domain=.registry.npmjs.org; HttpOnly' ],
114 silly get     'cache-control': 'max-age=300',
114 silly get     'cf-cache-status': 'HIT',
114 silly get     'cf-ray': '4380972ab98530e4-SIN',
114 silly get     etag: '"249a7c29055ea21c4b8d244bd7b33a97"',
114 silly get     'expect-ct': 'max-age=604800, report-uri="https://report-uri.cloudflare.com/cdn-cgi/beacon/expect-ct"',
114 silly get     'last-modified': 'Sun, 27 May 2018 09:01:11 GMT',
114 silly get     vary: 'accept-encoding, accept',
114 silly get     server: 'cloudflare' } ]
115 verbose etag https://registry.npmjs.org/nan from cache
116 verbose get saving nan to C:\Users\Oeganz\AppData\Roaming\npm-cache\registry.npmjs.org\nan\.cache.json
117 verbose correctMkdir C:\Users\Oeganz\AppData\Roaming\npm-cache correctMkdir not in flight; initializing
118 silly resolveWithNewModule nan@2.10.0 checking installable status
119 silly cache add args [ 'nan@^2.10.0', null ]
120 verbose cache add spec nan@^2.10.0
121 silly cache add parsed spec Result {
121 silly cache add   raw: 'nan@^2.10.0',
121 silly cache add   scope: null,
121 silly cache add   escapedName: 'nan',
121 silly cache add   name: 'nan',
121 silly cache add   rawSpec: '^2.10.0',
121 silly cache add   spec: '>=2.10.0 <3.0.0',
121 silly cache add   type: 'range' }
122 silly addNamed nan@>=2.10.0 <3.0.0
123 verbose addNamed ">=2.10.0 <3.0.0" is a valid semver range for nan
124 silly addNameRange { name: 'nan', range: '>=2.10.0 <3.0.0', hasData: false }
125 silly mapToRegistry name nan
126 silly mapToRegistry using default registry
127 silly mapToRegistry registry https://registry.npmjs.org/
128 silly mapToRegistry data Result {
128 silly mapToRegistry   raw: 'nan',
128 silly mapToRegistry   scope: null,
128 silly mapToRegistry   escapedName: 'nan',
128 silly mapToRegistry   name: 'nan',
128 silly mapToRegistry   rawSpec: '',
128 silly mapToRegistry   spec: 'latest',
128 silly mapToRegistry   type: 'tag' }
129 silly mapToRegistry uri https://registry.npmjs.org/nan
130 verbose addNameRange registry:https://registry.npmjs.org/nan not in flight; fetching
131 verbose get https://registry.npmjs.org/nan not expired, no request
132 silly addNameRange number 2 { name: 'nan', range: '>=2.10.0 <3.0.0', hasData: true }
133 silly addNameRange versions [ 'nan',
133 silly addNameRange   [ '0.3.0-wip',
133 silly addNameRange     '0.3.0-wip2',
133 silly addNameRange     '0.3.0',
133 silly addNameRange     '0.3.1',
133 silly addNameRange     '0.3.2',
133 silly addNameRange     '0.4.0',
133 silly addNameRange     '0.4.1',
133 silly addNameRange     '0.4.2',
133 silly addNameRange     '0.4.3',
133 silly addNameRange     '0.4.4',
133 silly addNameRange     '0.5.0',
133 silly addNameRange     '0.5.1',
133 silly addNameRange     '0.5.2',
133 silly addNameRange     '0.6.0',
133 silly addNameRange     '0.7.0',
133 silly addNameRange     '0.7.1',
133 silly addNameRange     '0.8.0',
133 silly addNameRange     '1.0.0',
133 silly addNameRange     '1.1.0',
133 silly addNameRange     '1.1.1',
133 silly addNameRange     '1.1.2',
133 silly addNameRange     '1.2.0',
133 silly addNameRange     '1.3.0',
133 silly addNameRange     '1.4.0',
133 silly addNameRange     '1.4.1',
133 silly addNameRange     '1.5.0',
133 silly addNameRange     '1.4.2',
133 silly addNameRange     '1.4.3',
133 silly addNameRange     '1.5.1',
133 silly addNameRange     '1.5.2',
133 silly addNameRange     '1.6.0',
133 silly addNameRange     '1.5.3',
133 silly addNameRange     '1.6.1',
133 silly addNameRange     '1.6.2',
133 silly addNameRange     '1.7.0',
133 silly addNameRange     '1.8.0',
133 silly addNameRange     '1.8.1',
133 silly addNameRange     '1.8.2',
133 silly addNameRange     '1.8.3',
133 silly addNameRange     '1.8.4',
133 silly addNameRange     '1.9.0',
133 silly addNameRange     '2.0.0',
133 silly addNameRange     '2.0.1',
133 silly addNameRange     '2.0.2',
133 silly addNameRange     '2.0.3',
133 silly addNameRange     '2.0.4',
133 silly addNameRange     '2.0.5',
133 silly addNameRange     '2.0.6',
133 silly addNameRange     '2.0.7',
133 silly addNameRange     '2.0.8',
133 silly addNameRange     '2.0.9',
133 silly addNameRange     '2.1.0',
133 silly addNameRange     '2.2.0',
133 silly addNameRange     '2.2.1',
133 silly addNameRange     '2.3.0',
133 silly addNameRange     '2.3.1',
133 silly addNameRange     '2.3.2',
133 silly addNameRange     '2.3.3',
133 silly addNameRange     '2.3.4',
133 silly addNameRange     '2.3.5',
133 silly addNameRange     '2.4.0',
133 silly addNameRange     '2.5.0',
133 silly addNameRange     '2.5.1',
133 silly addNameRange     '2.6.0',
133 silly addNameRange     '2.6.1',
133 silly addNameRange     '2.6.2',
133 silly addNameRange     '2.7.0',
133 silly addNameRange     '2.8.0',
133 silly addNameRange     '2.9.1',
133 silly addNameRange     '2.9.2',
133 silly addNameRange     '2.10.0' ] ]
134 silly addNamed nan@2.10.0
135 verbose addNamed "2.10.0" is a plain semver version for nan
136 silly cache afterAdd nan@2.10.0
137 verbose afterAdd C:\Users\Oeganz\AppData\Roaming\npm-cache\nan\2.10.0\package\package.json not in flight; writing
138 verbose correctMkdir C:\Users\Oeganz\AppData\Roaming\npm-cache correctMkdir not in flight; initializing
139 verbose afterAdd C:\Users\Oeganz\AppData\Roaming\npm-cache\nan\2.10.0\package\package.json written
140 silly loadAllDepsIntoIdealTree Finishing
141 silly loadIdealTree Finishing
142 silly currentTree simple-nodejs-weather-app@1.0.0
142 silly currentTree +-- abab@1.0.4
142 silly currentTree +-- accepts@1.3.5
142 silly currentTree +-- acorn-globals@1.0.9
142 silly currentTree +-- acorn@2.7.0
142 silly currentTree +-- ajv@5.5.2
142 silly currentTree +-- array-equal@1.0.0
142 silly currentTree +-- array-flatten@1.1.1
142 silly currentTree +-- asn1@0.2.3
142 silly currentTree +-- assert-plus@1.0.0
142 silly currentTree +-- async@0.2.10
142 silly currentTree +-- asynckit@0.4.0
142 silly currentTree +-- aws-sign2@0.7.0
142 silly currentTree +-- aws4@1.7.0
142 silly currentTree +-- batch@0.5.0
142 silly currentTree +-- bcrypt-pbkdf@1.0.2
142 silly currentTree +-- bluebird@3.5.1
142 silly currentTree +-- body-parser@1.18.3
142 silly currentTree | +-- iconv-lite@0.4.23
142 silly currentTree | +-- qs@6.5.2
142 silly currentTree | `-- raw-body@2.3.3
142 silly currentTree +-- buffer-crc32@0.2.1
142 silly currentTree +-- bytes@3.0.0
142 silly currentTree +-- caseless@0.12.0
142 silly currentTree +-- cassandra-driver@3.5.0
142 silly currentTree +-- checker@0.5.2
142 silly currentTree +-- clean@2.1.6
142 silly currentTree +-- co@4.6.0
142 silly currentTree +-- combined-stream@1.0.6
142 silly currentTree +-- commander@1.3.2
142 silly currentTree +-- connect@2.12.0
142 silly currentTree | +-- bytes@0.2.1
142 silly currentTree | +-- cookie-signature@1.0.1
142 silly currentTree | +-- cookie@0.1.0
142 silly currentTree | +-- debug@0.8.1
142 silly currentTree | +-- fresh@0.2.0
142 silly currentTree | +-- methods@0.1.0
142 silly currentTree | +-- mime@1.2.11
142 silly currentTree | +-- negotiator@0.3.0
142 silly currentTree | +-- qs@0.6.6
142 silly currentTree | +-- range-parser@0.0.4
142 silly currentTree | +-- raw-body@1.1.2
142 silly currentTree | `-- send@0.1.4
142 silly currentTree +-- content-disposition@0.5.2
142 silly currentTree +-- content-type-parser@1.0.2
142 silly currentTree +-- content-type@1.0.4
142 silly currentTree +-- cookie-signature@1.0.6
142 silly currentTree +-- cookie@0.3.1
142 silly currentTree +-- core-util-is@1.0.2
142 silly currentTree +-- cssom@0.3.4
142 silly currentTree +-- cssstyle@0.2.37
142 silly currentTree +-- dashdash@1.14.1
142 silly currentTree +-- debug@2.6.9
142 silly currentTree +-- deep-is@0.1.3
142 silly currentTree +-- delayed-stream@1.0.0
142 silly currentTree +-- depd@1.1.2
142 silly currentTree +-- destroy@1.0.4
142 silly currentTree +-- document@0.4.7
142 silly currentTree | +-- cookie-signature@1.0.1
142 silly currentTree | +-- cookie@0.1.0
142 silly currentTree | +-- debug@0.8.1
142 silly currentTree | +-- ejs@0.8.8
142 silly currentTree | +-- express@3.4.8
142 silly currentTree | +-- fresh@0.2.0
142 silly currentTree | +-- merge-descriptors@0.0.1
142 silly currentTree | +-- methods@0.1.0
142 silly currentTree | +-- mime@1.2.11
142 silly currentTree | +-- range-parser@0.0.4
142 silly currentTree | `-- send@0.1.4
142 silly currentTree +-- ecc-jsbn@0.1.1
142 silly currentTree +-- ee-first@1.1.1
142 silly currentTree +-- ejs@2.6.1
142 silly currentTree +-- encodeurl@1.0.2
142 silly currentTree +-- escape-html@1.0.3
142 silly currentTree +-- escodegen@1.10.0
142 silly currentTree +-- esprima@3.1.3
142 silly currentTree +-- estraverse@4.2.0
142 silly currentTree +-- esutils@2.0.2
142 silly currentTree +-- etag@1.8.1
142 silly currentTree +-- express@4.16.3
142 silly currentTree | `-- body-parser@1.18.2
142 silly currentTree +-- extend@3.0.1
142 silly currentTree +-- extsprintf@1.3.0
142 silly currentTree +-- fast-deep-equal@1.1.0
142 silly currentTree +-- fast-json-stable-stringify@2.0.0
142 silly currentTree +-- fast-levenshtein@2.0.6
142 silly currentTree +-- finalhandler@1.1.1
142 silly currentTree +-- forever-agent@0.6.1
142 silly currentTree +-- form-data@2.3.2
142 silly currentTree +-- forwarded@0.1.2
142 silly currentTree +-- fresh@0.5.2
142 silly currentTree +-- fs-sync@0.2.6
142 silly currentTree | +-- glob@4.0.6
142 silly currentTree | `-- iconv-lite@0.2.11
142 silly currentTree +-- getpass@0.1.7
142 silly currentTree +-- glob@3.2.11
142 silly currentTree | `-- minimatch@0.3.0
142 silly currentTree +-- graceful-fs@3.0.11
142 silly currentTree +-- har-schema@2.0.0
142 silly currentTree +-- har-validator@5.0.3
142 silly currentTree +-- highlight.js@7.3.0
142 silly currentTree +-- html-encoding-sniffer@1.0.2
142 silly currentTree +-- http-errors@1.6.3
142 silly currentTree +-- http-signature@1.2.0
142 silly currentTree +-- iconv-lite@0.4.19
142 silly currentTree +-- inherits@2.0.3
142 silly currentTree +-- ipaddr.js@1.6.0
142 silly currentTree +-- is-typedarray@1.0.0
142 silly currentTree +-- isarray@0.0.1
142 silly currentTree +-- isstream@0.1.2
142 silly currentTree +-- jsbn@0.1.1
142 silly currentTree +-- jsdom@9.8.3
142 silly currentTree +-- json-schema-traverse@0.3.1
142 silly currentTree +-- json-schema@0.2.3
142 silly currentTree +-- json-stringify-safe@5.0.1
142 silly currentTree +-- jsprim@1.4.1
142 silly currentTree +-- keypress@0.1.0
142 silly currentTree +-- levn@0.3.0
142 silly currentTree +-- lodash@1.2.1
142 silly currentTree +-- long@2.4.0
142 silly currentTree +-- lru-cache@2.7.3
142 silly currentTree +-- marked@0.2.10
142 silly currentTree +-- media-typer@0.3.0
142 silly currentTree +-- merge-descriptors@1.0.1
142 silly currentTree +-- methods@1.1.2
142 silly currentTree +-- mime-db@1.33.0
142 silly currentTree +-- mime-types@2.1.18
142 silly currentTree +-- mime@1.4.1
142 silly currentTree +-- minimatch@1.0.0
142 silly currentTree +-- minimist@0.0.10
142 silly currentTree +-- mkdirp@0.3.5
142 silly currentTree +-- ms@2.0.0
142 silly currentTree +-- multiparty@2.2.0
142 silly currentTree +-- natives@1.1.4
142 silly currentTree +-- negotiator@0.6.1
142 silly currentTree +-- nwmatcher@1.4.4
142 silly currentTree +-- oauth-sign@0.8.2
142 silly currentTree +-- on-finished@2.3.0
142 silly currentTree +-- once@1.4.0
142 silly currentTree +-- optionator@0.8.2
142 silly currentTree +-- parse5@1.5.1
142 silly currentTree +-- parseurl@1.3.2
142 silly currentTree +-- path-to-regexp@0.1.7
142 silly currentTree +-- pause@0.0.1
142 silly currentTree +-- performance-now@2.1.0
142 silly currentTree +-- prelude-ls@1.1.2
142 silly currentTree +-- proxy-addr@2.0.3
142 silly currentTree +-- punycode@1.4.1
142 silly currentTree +-- qs@6.5.1
142 silly currentTree +-- range-parser@1.2.0
142 silly currentTree +-- raw-body@2.3.2
142 silly currentTree | +-- depd@1.1.1
142 silly currentTree | +-- http-errors@1.6.2
142 silly currentTree | `-- setprototypeof@1.0.3
142 silly currentTree +-- readable-stream@1.1.14
142 silly currentTree +-- request@2.87.0
142 silly currentTree +-- rimraf@2.1.4
142 silly currentTree | `-- graceful-fs@1.2.3
142 silly currentTree +-- safe-buffer@5.1.1
142 silly currentTree +-- safer-buffer@2.1.2
142 silly currentTree +-- sax@1.2.4
142 silly currentTree +-- send@0.16.2
142 silly currentTree +-- serve-static@1.13.2
142 silly currentTree +-- setprototypeof@1.1.0
142 silly currentTree +-- sigmund@1.0.1
142 silly currentTree +-- source-map@0.6.1
142 silly currentTree +-- sshpk@1.14.2
142 silly currentTree +-- statuses@1.4.0
142 silly currentTree +-- stream-buffers@3.0.2
142 silly currentTree +-- stream-counter@0.2.0
142 silly currentTree +-- string_decoder@0.10.31
142 silly currentTree +-- symbol-tree@3.2.2
142 silly currentTree +-- tough-cookie@2.3.4
142 silly currentTree +-- tr46@0.0.3
142 silly currentTree +-- tunnel-agent@0.6.0
142 silly currentTree +-- tweetnacl@0.14.5
142 silly currentTree +-- type-check@0.3.2
142 silly currentTree +-- type-is@1.6.16
142 silly currentTree +-- uid2@0.0.3
142 silly currentTree +-- unpipe@1.0.0
142 silly currentTree +-- utils-merge@1.0.1
142 silly currentTree +-- uuid@3.3.2
142 silly currentTree +-- vary@1.1.2
142 silly currentTree +-- verror@1.10.0
142 silly currentTree +-- webidl-conversions@3.0.1
142 silly currentTree +-- whatwg-encoding@1.0.3
142 silly currentTree +-- whatwg-url@3.1.0
142 silly currentTree +-- wordwrap@1.0.0
142 silly currentTree +-- wrappy@1.0.2
142 silly currentTree `-- xml-name-validator@2.0.1
143 silly idealTree simple-nodejs-weather-app@1.0.0
143 silly idealTree +-- abab@1.0.4
143 silly idealTree +-- accepts@1.3.5
143 silly idealTree +-- acorn-globals@1.0.9
143 silly idealTree +-- acorn@2.7.0
143 silly idealTree +-- ajv@5.5.2
143 silly idealTree +-- array-equal@1.0.0
143 silly idealTree +-- array-flatten@1.1.1
143 silly idealTree +-- asn1@0.2.3
143 silly idealTree +-- assert-plus@1.0.0
143 silly idealTree +-- async@0.2.10
143 silly idealTree +-- asynckit@0.4.0
143 silly idealTree +-- aws-sign2@0.7.0
143 silly idealTree +-- aws4@1.7.0
143 silly idealTree +-- batch@0.5.0
143 silly idealTree +-- bcrypt-pbkdf@1.0.2
143 silly idealTree +-- bluebird@3.5.1
143 silly idealTree +-- body-parser@1.18.3
143 silly idealTree | +-- iconv-lite@0.4.23
143 silly idealTree | +-- qs@6.5.2
143 silly idealTree | `-- raw-body@2.3.3
143 silly idealTree +-- buffer-crc32@0.2.1
143 silly idealTree +-- bytes@3.0.0
143 silly idealTree +-- canvas@1.6.11
143 silly idealTree +-- caseless@0.12.0
143 silly idealTree +-- cassandra-driver@3.5.0
143 silly idealTree +-- chartjs-node@1.7.1
143 silly idealTree +-- checker@0.5.2
143 silly idealTree +-- clean@2.1.6
143 silly idealTree +-- co@4.6.0
143 silly idealTree +-- combined-stream@1.0.6
143 silly idealTree +-- commander@1.3.2
143 silly idealTree +-- connect@2.12.0
143 silly idealTree | +-- bytes@0.2.1
143 silly idealTree | +-- cookie-signature@1.0.1
143 silly idealTree | +-- cookie@0.1.0
143 silly idealTree | +-- debug@0.8.1
143 silly idealTree | +-- fresh@0.2.0
143 silly idealTree | +-- methods@0.1.0
143 silly idealTree | +-- mime@1.2.11
143 silly idealTree | +-- negotiator@0.3.0
143 silly idealTree | +-- qs@0.6.6
143 silly idealTree | +-- range-parser@0.0.4
143 silly idealTree | +-- raw-body@1.1.2
143 silly idealTree | `-- send@0.1.4
143 silly idealTree +-- content-disposition@0.5.2
143 silly idealTree +-- content-type-parser@1.0.2
143 silly idealTree +-- content-type@1.0.4
143 silly idealTree +-- cookie-signature@1.0.6
143 silly idealTree +-- cookie@0.3.1
143 silly idealTree +-- core-util-is@1.0.2
143 silly idealTree +-- cssom@0.3.4
143 silly idealTree +-- cssstyle@0.2.37
143 silly idealTree +-- dashdash@1.14.1
143 silly idealTree +-- debug@2.6.9
143 silly idealTree +-- deep-is@0.1.3
143 silly idealTree +-- delayed-stream@1.0.0
143 silly idealTree +-- depd@1.1.2
143 silly idealTree +-- destroy@1.0.4
143 silly idealTree +-- document@0.4.7
143 silly idealTree | +-- cookie-signature@1.0.1
143 silly idealTree | +-- cookie@0.1.0
143 silly idealTree | +-- debug@0.8.1
143 silly idealTree | +-- ejs@0.8.8
143 silly idealTree | +-- express@3.4.8
143 silly idealTree | +-- fresh@0.2.0
143 silly idealTree | +-- merge-descriptors@0.0.1
143 silly idealTree | +-- methods@0.1.0
143 silly idealTree | +-- mime@1.2.11
143 silly idealTree | +-- range-parser@0.0.4
143 silly idealTree | `-- send@0.1.4
143 silly idealTree +-- ecc-jsbn@0.1.1
143 silly idealTree +-- ee-first@1.1.1
143 silly idealTree +-- ejs@2.6.1
143 silly idealTree +-- encodeurl@1.0.2
143 silly idealTree +-- escape-html@1.0.3
143 silly idealTree +-- escodegen@1.10.0
143 silly idealTree +-- esprima@3.1.3
143 silly idealTree +-- estraverse@4.2.0
143 silly idealTree +-- esutils@2.0.2
143 silly idealTree +-- etag@1.8.1
143 silly idealTree +-- express@4.16.3
143 silly idealTree | `-- body-parser@1.18.2
143 silly idealTree +-- extend@3.0.1
143 silly idealTree +-- extsprintf@1.3.0
143 silly idealTree +-- fast-deep-equal@1.1.0
143 silly idealTree +-- fast-json-stable-stringify@2.0.0
143 silly idealTree +-- fast-levenshtein@2.0.6
143 silly idealTree +-- finalhandler@1.1.1
143 silly idealTree +-- forever-agent@0.6.1
143 silly idealTree +-- form-data@2.3.2
143 silly idealTree +-- forwarded@0.1.2
143 silly idealTree +-- fresh@0.5.2
143 silly idealTree +-- fs-sync@0.2.6
143 silly idealTree | +-- glob@4.0.6
143 silly idealTree | `-- iconv-lite@0.2.11
143 silly idealTree +-- getpass@0.1.7
143 silly idealTree +-- glob@3.2.11
143 silly idealTree | `-- minimatch@0.3.0
143 silly idealTree +-- graceful-fs@3.0.11
143 silly idealTree +-- har-schema@2.0.0
143 silly idealTree +-- har-validator@5.0.3
143 silly idealTree +-- highlight.js@7.3.0
143 silly idealTree +-- html-encoding-sniffer@1.0.2
143 silly idealTree +-- http-errors@1.6.3
143 silly idealTree +-- http-signature@1.2.0
143 silly idealTree +-- iconv-lite@0.4.19
143 silly idealTree +-- inherits@2.0.3
143 silly idealTree +-- ipaddr.js@1.6.0
143 silly idealTree +-- is-typedarray@1.0.0
143 silly idealTree +-- isarray@0.0.1
143 silly idealTree +-- isstream@0.1.2
143 silly idealTree +-- jsbn@0.1.1
143 silly idealTree +-- jsdom@9.8.3
143 silly idealTree +-- json-schema-traverse@0.3.1
143 silly idealTree +-- json-schema@0.2.3
143 silly idealTree +-- json-stringify-safe@5.0.1
143 silly idealTree +-- jsprim@1.4.1
143 silly idealTree +-- keypress@0.1.0
143 silly idealTree +-- levn@0.3.0
143 silly idealTree +-- lodash@1.2.1
143 silly idealTree +-- long@2.4.0
143 silly idealTree +-- lru-cache@2.7.3
143 silly idealTree +-- marked@0.2.10
143 silly idealTree +-- media-typer@0.3.0
143 silly idealTree +-- merge-descriptors@1.0.1
143 silly idealTree +-- methods@1.1.2
143 silly idealTree +-- mime-db@1.33.0
143 silly idealTree +-- mime-types@2.1.18
143 silly idealTree +-- mime@1.4.1
143 silly idealTree +-- minimatch@1.0.0
143 silly idealTree +-- minimist@0.0.10
143 silly idealTree +-- mkdirp@0.3.5
143 silly idealTree +-- ms@2.0.0
143 silly idealTree +-- multiparty@2.2.0
143 silly idealTree +-- nan@2.10.0
143 silly idealTree +-- natives@1.1.4
143 silly idealTree +-- negotiator@0.6.1
143 silly idealTree +-- nwmatcher@1.4.4
143 silly idealTree +-- oauth-sign@0.8.2
143 silly idealTree +-- on-finished@2.3.0
143 silly idealTree +-- once@1.4.0
143 silly idealTree +-- optionator@0.8.2
143 silly idealTree +-- parse5@1.5.1
143 silly idealTree +-- parseurl@1.3.2
143 silly idealTree +-- path-to-regexp@0.1.7
143 silly idealTree +-- pause@0.0.1
143 silly idealTree +-- performance-now@2.1.0
143 silly idealTree +-- prelude-ls@1.1.2
143 silly idealTree +-- proxy-addr@2.0.3
143 silly idealTree +-- punycode@1.4.1
143 silly idealTree +-- qs@6.5.1
143 silly idealTree +-- range-parser@1.2.0
143 silly idealTree +-- raw-body@2.3.2
143 silly idealTree | +-- depd@1.1.1
143 silly idealTree | +-- http-errors@1.6.2
143 silly idealTree | `-- setprototypeof@1.0.3
143 silly idealTree +-- readable-stream@1.1.14
143 silly idealTree +-- request@2.87.0
143 silly idealTree +-- rimraf@2.1.4
143 silly idealTree | `-- graceful-fs@1.2.3
143 silly idealTree +-- safe-buffer@5.1.1
143 silly idealTree +-- safer-buffer@2.1.2
143 silly idealTree +-- sax@1.2.4
143 silly idealTree +-- send@0.16.2
143 silly idealTree +-- serve-static@1.13.2
143 silly idealTree +-- setprototypeof@1.1.0
143 silly idealTree +-- sigmund@1.0.1
143 silly idealTree +-- source-map@0.6.1
143 silly idealTree +-- sshpk@1.14.2
143 silly idealTree +-- statuses@1.4.0
143 silly idealTree +-- stream-buffers@3.0.2
143 silly idealTree +-- stream-counter@0.2.0
143 silly idealTree +-- string_decoder@0.10.31
143 silly idealTree +-- symbol-tree@3.2.2
143 silly idealTree +-- tough-cookie@2.3.4
143 silly idealTree +-- tr46@0.0.3
143 silly idealTree +-- tunnel-agent@0.6.0
143 silly idealTree +-- tweetnacl@0.14.5
143 silly idealTree +-- type-check@0.3.2
143 silly idealTree +-- type-is@1.6.16
143 silly idealTree +-- uid2@0.0.3
143 silly idealTree +-- unpipe@1.0.0
143 silly idealTree +-- utils-merge@1.0.1
143 silly idealTree +-- uuid@3.3.2
143 silly idealTree +-- vary@1.1.2
143 silly idealTree +-- verror@1.10.0
143 silly idealTree +-- webidl-conversions@3.0.1
143 silly idealTree +-- whatwg-encoding@1.0.3
143 silly idealTree +-- whatwg-url@3.1.0
143 silly idealTree +-- wordwrap@1.0.0
143 silly idealTree +-- wrappy@1.0.2
143 silly idealTree `-- xml-name-validator@2.0.1
144 silly generateActionsToTake Starting
145 silly install generateActionsToTake
146 silly generateActionsToTake Finishing
147 silly diffTrees action count 3
148 silly diffTrees add nan@2.10.0
149 silly diffTrees add canvas@1.6.11
150 silly diffTrees add chartjs-node@1.7.1
151 silly decomposeActions action count 24
152 silly decomposeActions fetch nan@2.10.0
153 silly decomposeActions extract nan@2.10.0
154 silly decomposeActions test nan@2.10.0
155 silly decomposeActions preinstall nan@2.10.0
156 silly decomposeActions build nan@2.10.0
157 silly decomposeActions install nan@2.10.0
158 silly decomposeActions postinstall nan@2.10.0
159 silly decomposeActions finalize nan@2.10.0
160 silly decomposeActions fetch canvas@1.6.11
161 silly decomposeActions extract canvas@1.6.11
162 silly decomposeActions test canvas@1.6.11
163 silly decomposeActions preinstall canvas@1.6.11
164 silly decomposeActions build canvas@1.6.11
165 silly decomposeActions install canvas@1.6.11
166 silly decomposeActions postinstall canvas@1.6.11
167 silly decomposeActions finalize canvas@1.6.11
168 silly decomposeActions fetch chartjs-node@1.7.1
169 silly decomposeActions extract chartjs-node@1.7.1
170 silly decomposeActions test chartjs-node@1.7.1
171 silly decomposeActions preinstall chartjs-node@1.7.1
172 silly decomposeActions build chartjs-node@1.7.1
173 silly decomposeActions install chartjs-node@1.7.1
174 silly decomposeActions postinstall chartjs-node@1.7.1
175 silly decomposeActions finalize chartjs-node@1.7.1
176 silly runTopLevelLifecycles Starting
177 silly executeActions Starting
178 silly install executeActions
179 silly doSerial global-install 0
180 silly doParallel fetch 3
181 verbose correctMkdir C:\Users\Oeganz\AppData\Roaming\npm-cache\_locks correctMkdir not in flight; initializing
182 verbose lock using C:\Users\Oeganz\AppData\Roaming\npm-cache\_locks\staging-cf8171805dcb4ea5.lock for C:\Users\Oeganz\Desktop\BigData\simple-nodejs-weather-app\node_modules\.staging
183 silly doParallel extract 3
184 silly extract nan@2.10.0
185 silly extract canvas@1.6.11
186 silly extract chartjs-node@1.7.1
187 verbose unbuild node_modules\.staging\canvas-e0bff3b9
188 verbose unbuild node_modules\.staging\nan-24354aee
189 verbose unbuild node_modules\.staging\chartjs-node-6487961a
190 silly gentlyRm C:\Users\Oeganz\Desktop\BigData\simple-nodejs-weather-app\node_modules\.staging\canvas-e0bff3b9 is being purged from base C:\Users\Oeganz\Desktop\BigData\simple-nodejs-weather-app
191 verbose gentlyRm don't care about contents; nuking C:\Users\Oeganz\Desktop\BigData\simple-nodejs-weather-app\node_modules\.staging\canvas-e0bff3b9
192 silly gentlyRm C:\Users\Oeganz\Desktop\BigData\simple-nodejs-weather-app\node_modules\.staging\nan-24354aee is being purged from base C:\Users\Oeganz\Desktop\BigData\simple-nodejs-weather-app
193 verbose gentlyRm don't care about contents; nuking C:\Users\Oeganz\Desktop\BigData\simple-nodejs-weather-app\node_modules\.staging\nan-24354aee
194 silly gentlyRm C:\Users\Oeganz\Desktop\BigData\simple-nodejs-weather-app\node_modules\.staging\chartjs-node-6487961a is being purged from base C:\Users\Oeganz\Desktop\BigData\simple-nodejs-weather-app
195 verbose gentlyRm don't care about contents; nuking C:\Users\Oeganz\Desktop\BigData\simple-nodejs-weather-app\node_modules\.staging\chartjs-node-6487961a
196 verbose tar unpack C:\Users\Oeganz\AppData\Roaming\npm-cache\canvas\1.6.11\package.tgz
197 verbose tar unpacking to C:\Users\Oeganz\Desktop\BigData\simple-nodejs-weather-app\node_modules\.staging\canvas-e0bff3b9
198 silly gentlyRm C:\Users\Oeganz\Desktop\BigData\simple-nodejs-weather-app\node_modules\.staging\canvas-e0bff3b9 is being purged
199 verbose gentlyRm don't care about contents; nuking C:\Users\Oeganz\Desktop\BigData\simple-nodejs-weather-app\node_modules\.staging\canvas-e0bff3b9
200 verbose tar unpack C:\Users\Oeganz\AppData\Roaming\npm-cache\nan\2.10.0\package.tgz
201 verbose tar unpacking to C:\Users\Oeganz\Desktop\BigData\simple-nodejs-weather-app\node_modules\.staging\nan-24354aee
202 silly gentlyRm C:\Users\Oeganz\Desktop\BigData\simple-nodejs-weather-app\node_modules\.staging\nan-24354aee is being purged
203 verbose gentlyRm don't care about contents; nuking C:\Users\Oeganz\Desktop\BigData\simple-nodejs-weather-app\node_modules\.staging\nan-24354aee
204 verbose tar unpack C:\Users\Oeganz\AppData\Roaming\npm-cache\chartjs-node\1.7.1\package.tgz
205 verbose tar unpacking to C:\Users\Oeganz\Desktop\BigData\simple-nodejs-weather-app\node_modules\.staging\chartjs-node-6487961a
206 silly gentlyRm C:\Users\Oeganz\Desktop\BigData\simple-nodejs-weather-app\node_modules\.staging\chartjs-node-6487961a is being purged
207 verbose gentlyRm don't care about contents; nuking C:\Users\Oeganz\Desktop\BigData\simple-nodejs-weather-app\node_modules\.staging\chartjs-node-6487961a
208 silly gunzTarPerm modes [ '777', '666' ]
209 silly gunzTarPerm modes [ '777', '666' ]
210 silly gunzTarPerm modes [ '777', '666' ]
211 silly gunzTarPerm extractEntry package.json
212 silly gunzTarPerm modified mode [ 'package.json', 420, 438 ]
213 silly gunzTarPerm extractEntry package.json
214 silly gunzTarPerm modified mode [ 'package.json', 436, 438 ]
215 silly gunzTarPerm extractEntry package.json
216 silly gunzTarPerm modified mode [ 'package.json', 420, 438 ]
217 silly gunzTarPerm extractEntry .drone.yml
218 silly gunzTarPerm modified mode [ '.drone.yml', 420, 438 ]
219 silly gunzTarPerm extractEntry .jscsrc
220 silly gunzTarPerm modified mode [ '.jscsrc', 420, 438 ]
221 silly gunzTarPerm extractEntry CHANGELOG.md
222 silly gunzTarPerm modified mode [ 'CHANGELOG.md', 436, 438 ]
223 silly gunzTarPerm extractEntry .travis.yml
224 silly gunzTarPerm modified mode [ '.travis.yml', 420, 438 ]
225 silly gunzTarPerm extractEntry binding.gyp
226 silly gunzTarPerm modified mode [ 'binding.gyp', 493, 511 ]
227 silly gunzTarPerm extractEntry include_dirs.js
228 silly gunzTarPerm modified mode [ 'include_dirs.js', 436, 438 ]
229 silly gunzTarPerm extractEntry .jshintrc
230 silly gunzTarPerm modified mode [ '.jshintrc', 420, 438 ]
231 silly gunzTarPerm extractEntry .travis.yml
232 silly gunzTarPerm modified mode [ '.travis.yml', 420, 438 ]
233 silly gunzTarPerm extractEntry LICENSE.md
234 silly gunzTarPerm modified mode [ 'LICENSE.md', 436, 438 ]
235 silly gunzTarPerm extractEntry nan_callbacks_12_inl.h
236 silly gunzTarPerm modified mode [ 'nan_callbacks_12_inl.h', 436, 438 ]
237 silly gunzTarPerm extractEntry nan_callbacks_pre_12_inl.h
238 silly gunzTarPerm modified mode [ 'nan_callbacks_pre_12_inl.h', 436, 438 ]
239 silly gunzTarPerm extractEntry History.md
240 silly gunzTarPerm modified mode [ 'History.md', 420, 438 ]
241 silly gunzTarPerm extractEntry index.js
242 silly gunzTarPerm modified mode [ 'index.js', 420, 438 ]
243 silly gunzTarPerm extractEntry Readme.md
244 silly gunzTarPerm modified mode [ 'Readme.md', 420, 438 ]
245 silly gunzTarPerm extractEntry .github/ISSUE_TEMPLATE.md
246 silly gunzTarPerm modified mode [ '.github/ISSUE_TEMPLATE.md', 420, 438 ]
247 silly gunzTarPerm extractEntry .vscode/c_cpp_properties.json
248 silly gunzTarPerm modified mode [ '.vscode/c_cpp_properties.json', 420, 438 ]
249 silly gunzTarPerm extractEntry .vscode/settings.json
250 silly gunzTarPerm modified mode [ '.vscode/settings.json', 420, 438 ]
251 silly gunzTarPerm extractEntry lib/bindings.js
252 silly gunzTarPerm modified mode [ 'lib/bindings.js', 420, 438 ]
253 silly gunzTarPerm extractEntry lib/canvas.js
254 silly gunzTarPerm modified mode [ 'lib/canvas.js', 420, 438 ]
255 silly gunzTarPerm extractEntry lib/context2d.js
256 silly gunzTarPerm modified mode [ 'lib/context2d.js', 420, 438 ]
257 silly gunzTarPerm extractEntry lib/image.js
258 silly gunzTarPerm modified mode [ 'lib/image.js', 420, 438 ]
259 silly gunzTarPerm extractEntry lib/jpegstream.js
260 silly gunzTarPerm modified mode [ 'lib/jpegstream.js', 420, 438 ]
261 silly gunzTarPerm extractEntry lib/parse-font.js
262 silly gunzTarPerm modified mode [ 'lib/parse-font.js', 420, 438 ]
263 silly gunzTarPerm extractEntry lib/pdfstream.js
264 silly gunzTarPerm modified mode [ 'lib/pdfstream.js', 420, 438 ]
265 silly gunzTarPerm extractEntry lib/pngstream.js
266 silly gunzTarPerm modified mode [ 'lib/pngstream.js', 420, 438 ]
267 silly gunzTarPerm extractEntry src/Canvas.cc
268 silly gunzTarPerm modified mode [ 'src/Canvas.cc', 420, 438 ]
269 silly gunzTarPerm extractEntry src/Canvas.h
270 silly gunzTarPerm modified mode [ 'src/Canvas.h', 420, 438 ]
271 silly gunzTarPerm extractEntry src/CanvasGradient.cc
272 silly gunzTarPerm modified mode [ 'src/CanvasGradient.cc', 420, 438 ]
273 silly gunzTarPerm extractEntry src/CanvasGradient.h
274 silly gunzTarPerm modified mode [ 'src/CanvasGradient.h', 420, 438 ]
275 silly gunzTarPerm extractEntry src/CanvasPattern.cc
276 silly gunzTarPerm modified mode [ 'src/CanvasPattern.cc', 420, 438 ]
277 silly gunzTarPerm extractEntry src/CanvasPattern.h
278 silly gunzTarPerm modified mode [ 'src/CanvasPattern.h', 420, 438 ]
279 silly gunzTarPerm extractEntry src/CanvasRenderingContext2d.cc
280 silly gunzTarPerm modified mode [ 'src/CanvasRenderingContext2d.cc', 493, 511 ]
281 silly gunzTarPerm extractEntry src/CanvasRenderingContext2d.h
282 silly gunzTarPerm modified mode [ 'src/CanvasRenderingContext2d.h', 420, 438 ]
283 silly gunzTarPerm extractEntry src/closure.h
284 silly gunzTarPerm modified mode [ 'src/closure.h', 420, 438 ]
285 silly gunzTarPerm extractEntry src/color.cc
286 silly gunzTarPerm modified mode [ 'src/color.cc', 420, 438 ]
287 silly gunzTarPerm extractEntry src/color.h
288 silly gunzTarPerm modified mode [ 'src/color.h', 420, 438 ]
289 silly gunzTarPerm extractEntry src/FontFace.cc
290 silly gunzTarPerm modified mode [ 'src/FontFace.cc', 493, 511 ]
291 silly gunzTarPerm extractEntry src/FontFace.h
292 silly gunzTarPerm modified mode [ 'src/FontFace.h', 420, 438 ]
293 silly gunzTarPerm extractEntry src/Image.cc
294 silly gunzTarPerm modified mode [ 'src/Image.cc', 420, 438 ]
295 silly gunzTarPerm extractEntry src/Image.h
296 silly gunzTarPerm modified mode [ 'src/Image.h', 420, 438 ]
297 silly gunzTarPerm extractEntry src/ImageData.cc
298 silly gunzTarPerm modified mode [ 'src/ImageData.cc', 420, 438 ]
299 silly gunzTarPerm extractEntry src/ImageData.h
300 silly gunzTarPerm modified mode [ 'src/ImageData.h', 420, 438 ]
301 silly gunzTarPerm extractEntry src/init.cc
302 silly gunzTarPerm modified mode [ 'src/init.cc', 493, 511 ]
303 silly gunzTarPerm extractEntry src/JPEGStream.h
304 silly gunzTarPerm modified mode [ 'src/JPEGStream.h', 420, 438 ]
305 silly gunzTarPerm extractEntry src/PNG.h
306 silly gunzTarPerm modified mode [ 'src/PNG.h', 420, 438 ]
307 silly gunzTarPerm extractEntry src/Point.h
308 silly gunzTarPerm modified mode [ 'src/Point.h', 420, 438 ]
309 silly gunzTarPerm extractEntry util/has_lib.sh
310 silly gunzTarPerm modified mode [ 'util/has_lib.sh', 493, 511 ]
311 silly gunzTarPerm extractEntry nan_callbacks.h
312 silly gunzTarPerm modified mode [ 'nan_callbacks.h', 436, 438 ]
313 silly gunzTarPerm extractEntry Dockerfile
314 silly gunzTarPerm modified mode [ 'Dockerfile', 420, 438 ]
315 silly gunzTarPerm extractEntry Gruntfile.js
316 silly gunzTarPerm modified mode [ 'Gruntfile.js', 420, 438 ]
317 silly gunzTarPerm extractEntry nan_converters_43_inl.h
318 silly gunzTarPerm modified mode [ 'nan_converters_43_inl.h', 436, 438 ]
319 silly gunzTarPerm extractEntry nan_converters_pre_43_inl.h
320 silly gunzTarPerm modified mode [ 'nan_converters_pre_43_inl.h', 436, 438 ]
321 silly gunzTarPerm extractEntry index.js
322 silly gunzTarPerm modified mode [ 'index.js', 420, 438 ]
323 silly gunzTarPerm extractEntry LICENSE
324 silly gunzTarPerm modified mode [ 'LICENSE', 420, 438 ]
325 silly gunzTarPerm extractEntry README.md
326 silly gunzTarPerm modified mode [ 'README.md', 420, 438 ]
327 silly gunzTarPerm extractEntry test/index.js
328 silly gunzTarPerm modified mode [ 'test/index.js', 420, 438 ]
329 silly gunzTarPerm extractEntry nan_converters.h
330 silly gunzTarPerm modified mode [ 'nan_converters.h', 436, 438 ]
331 silly gunzTarPerm extractEntry nan_define_own_property_helper.h
332 silly gunzTarPerm modified mode [ 'nan_define_own_property_helper.h', 436, 438 ]
333 silly gunzTarPerm extractEntry nan_implementation_12_inl.h
334 silly gunzTarPerm modified mode [ 'nan_implementation_12_inl.h', 436, 438 ]
335 silly gunzTarPerm extractEntry nan_implementation_pre_12_inl.h
336 silly gunzTarPerm modified mode [ 'nan_implementation_pre_12_inl.h', 436, 438 ]
337 silly gunzTarPerm extractEntry nan_json.h
338 silly gunzTarPerm modified mode [ 'nan_json.h', 436, 438 ]
339 silly gunzTarPerm extractEntry nan_maybe_43_inl.h
340 silly gunzTarPerm modified mode [ 'nan_maybe_43_inl.h', 436, 438 ]
341 silly gunzTarPerm extractEntry nan_maybe_pre_43_inl.h
342 silly gunzTarPerm modified mode [ 'nan_maybe_pre_43_inl.h', 436, 438 ]
343 silly gunzTarPerm extractEntry nan_new.h
344 silly gunzTarPerm modified mode [ 'nan_new.h', 436, 438 ]
345 silly gunzTarPerm extractEntry nan_object_wrap.h
346 silly gunzTarPerm modified mode [ 'nan_object_wrap.h', 436, 438 ]
347 silly gunzTarPerm extractEntry nan_persistent_12_inl.h
348 silly gunzTarPerm modified mode [ 'nan_persistent_12_inl.h', 436, 438 ]
349 silly gunzTarPerm extractEntry nan_persistent_pre_12_inl.h
350 silly gunzTarPerm modified mode [ 'nan_persistent_pre_12_inl.h', 436, 438 ]
351 silly gunzTarPerm extractEntry nan_private.h
352 silly gunzTarPerm modified mode [ 'nan_private.h', 436, 438 ]
353 silly gunzTarPerm extractEntry nan_string_bytes.h
354 silly gunzTarPerm modified mode [ 'nan_string_bytes.h', 436, 438 ]
355 silly gunzTarPerm extractEntry nan_typedarray_contents.h
356 silly gunzTarPerm modified mode [ 'nan_typedarray_contents.h', 436, 438 ]
357 silly gunzTarPerm extractEntry nan_weak.h
358 silly gunzTarPerm modified mode [ 'nan_weak.h', 436, 438 ]
359 silly gunzTarPerm extractEntry nan.h
360 silly gunzTarPerm modified mode [ 'nan.h', 436, 438 ]
361 silly gunzTarPerm extractEntry README.md
362 silly gunzTarPerm modified mode [ 'README.md', 436, 438 ]
363 silly gunzTarPerm extractEntry doc/asyncworker.md
364 silly gunzTarPerm modified mode [ 'doc/asyncworker.md', 436, 438 ]
365 silly gunzTarPerm extractEntry doc/buffers.md
366 silly gunzTarPerm modified mode [ 'doc/buffers.md', 436, 438 ]
367 silly gunzTarPerm extractEntry doc/callback.md
368 silly gunzTarPerm modified mode [ 'doc/callback.md', 436, 438 ]
369 silly gunzTarPerm extractEntry doc/converters.md
370 silly gunzTarPerm modified mode [ 'doc/converters.md', 436, 438 ]
371 silly gentlyRm C:\Users\Oeganz\Desktop\BigData\simple-nodejs-weather-app\node_modules\.staging\chartjs-node-6487961a\node_modules is being purged
372 verbose gentlyRm don't care about contents; nuking C:\Users\Oeganz\Desktop\BigData\simple-nodejs-weather-app\node_modules\.staging\chartjs-node-6487961a\node_modules
373 silly gunzTarPerm extractEntry doc/errors.md
374 silly gunzTarPerm modified mode [ 'doc/errors.md', 436, 438 ]
375 silly gunzTarPerm extractEntry doc/json.md
376 silly gunzTarPerm modified mode [ 'doc/json.md', 436, 438 ]
377 silly gunzTarPerm extractEntry doc/maybe_types.md
378 silly gunzTarPerm modified mode [ 'doc/maybe_types.md', 436, 438 ]
379 silly gunzTarPerm extractEntry doc/methods.md
380 silly gunzTarPerm modified mode [ 'doc/methods.md', 436, 438 ]
381 silly gunzTarPerm extractEntry doc/new.md
382 silly gunzTarPerm modified mode [ 'doc/new.md', 436, 438 ]
383 silly gunzTarPerm extractEntry doc/node_misc.md
384 silly gunzTarPerm modified mode [ 'doc/node_misc.md', 436, 438 ]
385 silly gunzTarPerm extractEntry doc/object_wrappers.md
386 silly gunzTarPerm modified mode [ 'doc/object_wrappers.md', 436, 438 ]
387 silly gunzTarPerm extractEntry doc/persistent.md
388 silly gunzTarPerm modified mode [ 'doc/persistent.md', 436, 438 ]
389 silly gunzTarPerm extractEntry doc/scopes.md
390 silly gunzTarPerm modified mode [ 'doc/scopes.md', 436, 438 ]
391 silly gunzTarPerm extractEntry doc/script.md
392 silly gunzTarPerm modified mode [ 'doc/script.md', 436, 438 ]
393 silly gunzTarPerm extractEntry doc/string_bytes.md
394 silly gunzTarPerm modified mode [ 'doc/string_bytes.md', 436, 438 ]
395 silly gunzTarPerm extractEntry doc/v8_internals.md
396 silly gunzTarPerm modified mode [ 'doc/v8_internals.md', 436, 438 ]
397 silly gunzTarPerm extractEntry doc/v8_misc.md
398 silly gunzTarPerm modified mode [ 'doc/v8_misc.md', 436, 438 ]
399 silly gunzTarPerm extractEntry tools/1to2.js
400 silly gunzTarPerm modified mode [ 'tools/1to2.js', 509, 511 ]
401 silly gunzTarPerm extractEntry tools/package.json
402 silly gunzTarPerm modified mode [ 'tools/package.json', 436, 438 ]
403 silly gunzTarPerm extractEntry tools/README.md
404 silly gunzTarPerm modified mode [ 'tools/README.md', 436, 438 ]
405 silly gentlyRm C:\Users\Oeganz\Desktop\BigData\simple-nodejs-weather-app\node_modules\.staging\canvas-e0bff3b9\node_modules is being purged
406 verbose gentlyRm don't care about contents; nuking C:\Users\Oeganz\Desktop\BigData\simple-nodejs-weather-app\node_modules\.staging\canvas-e0bff3b9\node_modules
407 silly gentlyRm C:\Users\Oeganz\Desktop\BigData\simple-nodejs-weather-app\node_modules\.staging\nan-24354aee\node_modules is being purged
408 verbose gentlyRm don't care about contents; nuking C:\Users\Oeganz\Desktop\BigData\simple-nodejs-weather-app\node_modules\.staging\nan-24354aee\node_modules
409 silly doParallel preinstall 3
410 silly preinstall nan@2.10.0 C:\Users\Oeganz\Desktop\BigData\simple-nodejs-weather-app\node_modules\.staging\nan-24354aee
411 info lifecycle nan@2.10.0~preinstall: nan@2.10.0
412 silly preinstall canvas@1.6.11 C:\Users\Oeganz\Desktop\BigData\simple-nodejs-weather-app\node_modules\.staging\canvas-e0bff3b9
413 info lifecycle canvas@1.6.11~preinstall: canvas@1.6.11
414 silly preinstall chartjs-node@1.7.1 C:\Users\Oeganz\Desktop\BigData\simple-nodejs-weather-app\node_modules\.staging\chartjs-node-6487961a
415 info lifecycle chartjs-node@1.7.1~preinstall: chartjs-node@1.7.1
416 silly lifecycle nan@2.10.0~preinstall: no script for preinstall, continuing
417 silly lifecycle canvas@1.6.11~preinstall: no script for preinstall, continuing
418 silly lifecycle chartjs-node@1.7.1~preinstall: no script for preinstall, continuing
419 silly doReverseSerial remove 0
420 silly doSerial move 0
421 silly doSerial finalize 3
422 silly finalize C:\Users\Oeganz\Desktop\BigData\simple-nodejs-weather-app\node_modules\nan
423 silly finalize C:\Users\Oeganz\Desktop\BigData\simple-nodejs-weather-app\node_modules\canvas
424 silly finalize C:\Users\Oeganz\Desktop\BigData\simple-nodejs-weather-app\node_modules\chartjs-node
425 silly doSerial build 3
426 silly build nan@2.10.0
427 info linkStuff nan@2.10.0
428 silly linkStuff nan@2.10.0 has C:\Users\Oeganz\Desktop\BigData\simple-nodejs-weather-app\node_modules as its parent node_modules
429 verbose linkBins nan@2.10.0
430 verbose linkMans nan@2.10.0
431 silly build canvas@1.6.11
432 info linkStuff canvas@1.6.11
433 silly linkStuff canvas@1.6.11 has C:\Users\Oeganz\Desktop\BigData\simple-nodejs-weather-app\node_modules as its parent node_modules
434 verbose linkBins canvas@1.6.11
435 verbose linkMans canvas@1.6.11
436 silly build chartjs-node@1.7.1
437 info linkStuff chartjs-node@1.7.1
438 silly linkStuff chartjs-node@1.7.1 has C:\Users\Oeganz\Desktop\BigData\simple-nodejs-weather-app\node_modules as its parent node_modules
439 verbose linkBins chartjs-node@1.7.1
440 verbose linkMans chartjs-node@1.7.1
441 silly doSerial global-link 0
442 silly doParallel update-linked 0
443 silly doSerial install 3
444 silly install nan@2.10.0 C:\Users\Oeganz\Desktop\BigData\simple-nodejs-weather-app\node_modules\.staging\nan-24354aee
445 info lifecycle nan@2.10.0~install: nan@2.10.0
446 silly lifecycle nan@2.10.0~install: no script for install, continuing
447 silly install canvas@1.6.11 C:\Users\Oeganz\Desktop\BigData\simple-nodejs-weather-app\node_modules\.staging\canvas-e0bff3b9
448 info lifecycle canvas@1.6.11~install: canvas@1.6.11
449 verbose lifecycle canvas@1.6.11~install: unsafe-perm in lifecycle true
450 verbose lifecycle canvas@1.6.11~install: PATH: C:\Program Files\nodejs\node_modules\npm\bin\node-gyp-bin;C:\Users\Oeganz\Desktop\BigData\simple-nodejs-weather-app\node_modules\canvas\node_modules\.bin;C:\Users\Oeganz\Desktop\BigData\simple-nodejs-weather-app\node_modules\.bin;E:\Program\oraclexe\app\oracle\product\10.2.0\server\bin;C:\ProgramData\Oracle\Java\javapath;C:\Users\Oeganz\AppData\Local\Microsoft\WindowsApps;C:\Users\Oeganz\AppData\Roaming\npm;C:\Users\Oeganz\AppData\Roaming\Composer\vendor\bin;C:\Program Files\Java\jdk1.8.0_121\bin;C:\Program Files\Git\cmd;C:\WINDOWS\system32;C:\WINDOWS;C:\WINDOWS\System32\Wbem;C:\WINDOWS\System32\WindowsPowerShell\v1.0\;C:\Program Files (x86)\MySQL\MySQL Server 5.5\bin;C:\xampp\php;C:\composer;C:\Program Files\PuTTY\;C:\Python27;E:\Server JEE\apache-maven-3.5.3\bin;C:\Users\Oeganz\Desktop\BigData\zookeeper-3.4.10\bin;C:\Users\Oeganz\Desktop\BigData\zeppelin-0.7.3-bin-all\bin;C:\Users\Oeganz\Desktop\BigData\scala-2.12.4\bin;C:\Program Files (x86)\sbt\bin;C:\Users\Oeganz\Desktop\BigData\spark-2.2.0-bin-hadoop2.7\bin;C:\Users\Oeganz\Desktop\BigData\zookeeper-3.4.10\bin;C:\Users\Oeganz\Desktop\BigData\kafka_2.11-1.1.0\bin\windows;C:\WINDOWS\System32\OpenSSH\;C:\Program Files\nodejs;C:\Users\Oeganz\AppData\Local\Microsoft\WindowsApps;C:\Users\Oeganz\AppData\Roaming\npm;C:\Users\Oeganz\AppData\Roaming\Composer\vendor\bin;C:\Program Files\Java\jdk1.8.0_121\bin;
451 verbose lifecycle canvas@1.6.11~install: CWD: C:\Users\Oeganz\Desktop\BigData\simple-nodejs-weather-app\node_modules\canvas
452 silly lifecycle canvas@1.6.11~install: Args: [ '/d /s /c', 'node-gyp rebuild' ]
453 silly lifecycle canvas@1.6.11~install: Returned: code: 1  signal: null
454 info lifecycle canvas@1.6.11~install: Failed to exec install script
455 verbose unlock done using C:\Users\Oeganz\AppData\Roaming\npm-cache\_locks\staging-cf8171805dcb4ea5.lock for C:\Users\Oeganz\Desktop\BigData\simple-nodejs-weather-app\node_modules\.staging
456 silly rollbackFailedOptional Starting
457 silly rollbackFailedOptional Finishing
458 silly runTopLevelLifecycles Finishing
459 silly install printInstalled
460 warn chartjs-node@1.7.1 requires a peer of chart.js@<=2.7.* but none was installed.
461 verbose If you need help, you may report this error at:
461 verbose     <https://github.com/npm/npm/issues>
462 verbose stack Error: canvas@1.6.11 install: `node-gyp rebuild`
462 verbose stack Exit status 1
462 verbose stack     at EventEmitter.<anonymous> (C:\Program Files\nodejs\node_modules\npm\lib\utils\lifecycle.js:255:16)
462 verbose stack     at emitTwo (events.js:106:13)
462 verbose stack     at EventEmitter.emit (events.js:191:7)
462 verbose stack     at ChildProcess.<anonymous> (C:\Program Files\nodejs\node_modules\npm\lib\utils\spawn.js:40:14)
462 verbose stack     at emitTwo (events.js:106:13)
462 verbose stack     at ChildProcess.emit (events.js:191:7)
462 verbose stack     at maybeClose (internal/child_process.js:877:16)
462 verbose stack     at Process.ChildProcess._handle.onexit (internal/child_process.js:226:5)
463 verbose pkgid canvas@1.6.11
464 verbose cwd C:\Users\Oeganz\Desktop\BigData\simple-nodejs-weather-app
465 error Windows_NT 10.0.17134
466 error argv "C:\\Program Files\\nodejs\\node.exe" "C:\\Program Files\\nodejs\\node_modules\\npm\\bin\\npm-cli.js" "install" "chartjs-node"
467 error node v6.9.5
468 error npm  v3.10.10
469 error code ELIFECYCLE
470 error canvas@1.6.11 install: `node-gyp rebuild`
470 error Exit status 1
471 error Failed at the canvas@1.6.11 install script 'node-gyp rebuild'.
471 error Make sure you have the latest version of node.js and npm installed.
471 error If you do, this is most likely a problem with the canvas package,
471 error not with npm itself.
471 error Tell the author that this fails on your system:
471 error     node-gyp rebuild
471 error You can get information on how to open an issue for this project with:
471 error     npm bugs canvas
471 error Or if that isn't available, you can get their info via:
471 error     npm owner ls canvas
471 error There is likely additional logging output above.
472 verbose exit [ 1, true ]
